{"/Users/mtema/Documents/DEVELOPER/PROJECTS/process-flow/process-flow-platform/frontend/src/main.ts": {"path":"/Users/mtema/Documents/DEVELOPER/PROJECTS/process-flow/process-flow-platform/frontend/src/main.ts","statementMap":{"0":{"start":{"line":1,"column":0},"end":{"line":1,"column":null}},"1":{"start":{"line":2,"column":0},"end":{"line":2,"column":null}},"2":{"start":{"line":3,"column":0},"end":{"line":3,"column":null}},"3":{"start":{"line":4,"column":0},"end":{"line":4,"column":null}},"4":{"start":{"line":5,"column":0},"end":{"line":5,"column":null}},"5":{"start":{"line":7,"column":0},"end":{"line":7,"column":10}}},"fnMap":{},"branchMap":{},"s":{"0":0,"1":0,"2":0,"3":0,"4":0,"5":0},"f":{},"b":{}}
,"/Users/mtema/Documents/DEVELOPER/PROJECTS/process-flow/process-flow-platform/frontend/src/module.tsx": {"path":"/Users/mtema/Documents/DEVELOPER/PROJECTS/process-flow/process-flow-platform/frontend/src/module.tsx","statementMap":{"0":{"start":{"line":1,"column":0},"end":{"line":1,"column":null}},"1":{"start":{"line":2,"column":0},"end":{"line":2,"column":39}},"2":{"start":{"line":10,"column":0},"end":{"line":10,"column":21}},"3":{"start":{"line":10,"column":42},"end":{"line":10,"column":null}},"4":{"start":{"line":10,"column":21},"end":{"line":10,"column":33}},"5":{"start":{"line":11,"column":0},"end":{"line":11,"column":1}}},"fnMap":{"0":{"name":"(anonymous_0)","decl":{"start":{"line":10,"column":0},"end":{"line":10,"column":21}},"loc":{"start":{"line":10,"column":0},"end":{"line":11,"column":null}}}},"branchMap":{},"s":{"0":0,"1":0,"2":0,"3":0,"4":0,"5":0},"f":{"0":0},"b":{}}
,"/Users/mtema/Documents/DEVELOPER/PROJECTS/process-flow/process-flow-platform/frontend/src/registerServiceWorker.ts": {"path":"/Users/mtema/Documents/DEVELOPER/PROJECTS/process-flow/process-flow-platform/frontend/src/registerServiceWorker.ts","statementMap":{"0":{"start":{"line":3,"column":0},"end":{"line":3,"column":null}},"1":{"start":{"line":5,"column":0},"end":{"line":32,"column":null}},"2":{"start":{"line":6,"column":2},"end":{"line":6,"column":11}},"3":{"start":{"line":8,"column":6},"end":{"line":8,"column":13}},"4":{"start":{"line":14,"column":6},"end":{"line":14,"column":13}},"5":{"start":{"line":17,"column":6},"end":{"line":17,"column":13}},"6":{"start":{"line":20,"column":6},"end":{"line":20,"column":13}},"7":{"start":{"line":23,"column":6},"end":{"line":23,"column":13}},"8":{"start":{"line":26,"column":6},"end":{"line":26,"column":13}},"9":{"start":{"line":29,"column":6},"end":{"line":29,"column":13}}},"fnMap":{"0":{"name":"(anonymous_0)","decl":{"start":{"line":7,"column":4},"end":{"line":7,"column":9}},"loc":{"start":{"line":7,"column":9},"end":{"line":12,"column":null}}},"1":{"name":"(anonymous_1)","decl":{"start":{"line":13,"column":4},"end":{"line":13,"column":14}},"loc":{"start":{"line":13,"column":14},"end":{"line":15,"column":null}}},"2":{"name":"(anonymous_2)","decl":{"start":{"line":16,"column":4},"end":{"line":16,"column":10}},"loc":{"start":{"line":16,"column":10},"end":{"line":18,"column":null}}},"3":{"name":"(anonymous_3)","decl":{"start":{"line":19,"column":4},"end":{"line":19,"column":15}},"loc":{"start":{"line":19,"column":15},"end":{"line":21,"column":null}}},"4":{"name":"(anonymous_4)","decl":{"start":{"line":22,"column":4},"end":{"line":22,"column":11}},"loc":{"start":{"line":22,"column":11},"end":{"line":24,"column":null}}},"5":{"name":"(anonymous_5)","decl":{"start":{"line":25,"column":4},"end":{"line":25,"column":11}},"loc":{"start":{"line":25,"column":11},"end":{"line":27,"column":null}}},"6":{"name":"(anonymous_6)","decl":{"start":{"line":28,"column":4},"end":{"line":28,"column":9}},"loc":{"start":{"line":28,"column":15},"end":{"line":30,"column":null}}}},"branchMap":{"0":{"loc":{"start":{"line":5,"column":0},"end":{"line":32,"column":null}},"type":"if","locations":[{"start":{"line":5,"column":0},"end":{"line":32,"column":null}},{"start":{"line":5,"column":0},"end":{"line":32,"column":null}}]}},"s":{"0":0,"1":0,"2":0,"3":0,"4":0,"5":0,"6":0,"7":0,"8":0,"9":0},"f":{"0":0,"1":0,"2":0,"3":0,"4":0,"5":0,"6":0},"b":{"0":[0,0]}}
,"/Users/mtema/Documents/DEVELOPER/PROJECTS/process-flow/process-flow-platform/frontend/src/app/App.component.ts": {"path":"/Users/mtema/Documents/DEVELOPER/PROJECTS/process-flow/process-flow-platform/frontend/src/app/App.component.ts","statementMap":{"0":{"start":{"line":1,"column":0},"end":{"line":1,"column":null}},"1":{"start":{"line":2,"column":0},"end":{"line":2,"column":39}},"2":{"start":{"line":10,"column":0},"end":{"line":10,"column":null}},"3":{"start":{"line":10,"column":21},"end":{"line":10,"column":33}}},"fnMap":{},"branchMap":{},"s":{"0":0,"1":0,"2":0,"3":0},"f":{},"b":{}}
,"/Users/mtema/Documents/DEVELOPER/PROJECTS/process-flow/process-flow-platform/frontend/src/components/module.tsx": {"path":"/Users/mtema/Documents/DEVELOPER/PROJECTS/process-flow/process-flow-platform/frontend/src/components/module.tsx","statementMap":{"0":{"start":{"line":1,"column":0},"end":{"line":1,"column":null}},"1":{"start":{"line":8,"column":0},"end":{"line":8,"column":21}},"2":{"start":{"line":8,"column":49},"end":{"line":8,"column":null}},"3":{"start":{"line":8,"column":21},"end":{"line":8,"column":40}},"4":{"start":{"line":10,"column":0},"end":{"line":10,"column":1}}},"fnMap":{"0":{"name":"(anonymous_0)","decl":{"start":{"line":8,"column":0},"end":{"line":8,"column":21}},"loc":{"start":{"line":8,"column":0},"end":{"line":10,"column":null}}}},"branchMap":{},"s":{"0":1,"1":1,"2":1,"3":2,"4":1},"f":{"0":4},"b":{}}
,"/Users/mtema/Documents/DEVELOPER/PROJECTS/process-flow/process-flow-platform/frontend/src/components/hello-world/HelloWorld.component.ts": {"path":"/Users/mtema/Documents/DEVELOPER/PROJECTS/process-flow/process-flow-platform/frontend/src/components/hello-world/HelloWorld.component.ts","statementMap":{"0":{"start":{"line":1,"column":0},"end":{"line":1,"column":null}},"1":{"start":{"line":8,"column":0},"end":{"line":8,"column":null}},"2":{"start":{"line":8,"column":21},"end":{"line":8,"column":40}}},"fnMap":{},"branchMap":{},"s":{"0":0,"1":0,"2":0},"f":{},"b":{}}
,"/Users/mtema/Documents/DEVELOPER/PROJECTS/process-flow/process-flow-platform/frontend/src/router/index.ts": {"path":"/Users/mtema/Documents/DEVELOPER/PROJECTS/process-flow/process-flow-platform/frontend/src/router/index.ts","statementMap":{"0":{"start":{"line":1,"column":0},"end":{"line":1,"column":null}},"1":{"start":{"line":2,"column":0},"end":{"line":2,"column":null}},"2":{"start":{"line":4,"column":38},"end":{"line":4,"column":null}},"3":{"start":{"line":16,"column":15},"end":{"line":16,"column":60}},"4":{"start":{"line":20,"column":15},"end":{"line":20,"column":28}},"5":{"start":{"line":25,"column":15},"end":{"line":25,"column":null}}},"fnMap":{"0":{"name":"(anonymous_0)","decl":{"start":{"line":16,"column":15},"end":{"line":16,"column":60}},"loc":{"start":{"line":16,"column":15},"end":{"line":16,"column":60}}}},"branchMap":{},"s":{"0":0,"1":0,"2":0,"3":0,"4":0,"5":0},"f":{"0":0},"b":{}}
,"/Users/mtema/Documents/DEVELOPER/PROJECTS/process-flow/process-flow-platform/frontend/src/store/index.ts": {"path":"/Users/mtema/Documents/DEVELOPER/PROJECTS/process-flow/process-flow-platform/frontend/src/store/index.ts","statementMap":{"0":{"start":{"line":1,"column":0},"end":{"line":1,"column":null}},"1":{"start":{"line":3,"column":15},"end":{"line":3,"column":27}}},"fnMap":{},"branchMap":{},"s":{"0":0,"1":0},"f":{},"b":{}}
,"/Users/mtema/Documents/DEVELOPER/PROJECTS/process-flow/process-flow-platform/frontend/src/views/index.ts": {"path":"/Users/mtema/Documents/DEVELOPER/PROJECTS/process-flow/process-flow-platform/frontend/src/views/index.ts","statementMap":{"0":{"start":{"line":1,"column":0},"end":{"line":1,"column":null}},"1":{"start":{"line":2,"column":0},"end":{"line":2,"column":null}}},"fnMap":{},"branchMap":{},"s":{"0":0,"1":0},"f":{},"b":{}}
,"/Users/mtema/Documents/DEVELOPER/PROJECTS/process-flow/process-flow-platform/frontend/src/views/module.tsx": {"path":"/Users/mtema/Documents/DEVELOPER/PROJECTS/process-flow/process-flow-platform/frontend/src/views/module.tsx","statementMap":{"0":{"start":{"line":1,"column":0},"end":{"line":1,"column":null}},"1":{"start":{"line":2,"column":0},"end":{"line":2,"column":66}},"2":{"start":{"line":9,"column":0},"end":{"line":9,"column":21}},"3":{"start":{"line":9,"column":43},"end":{"line":9,"column":48}},"4":{"start":{"line":9,"column":21},"end":{"line":9,"column":34}},"5":{"start":{"line":9,"column":48},"end":{"line":9,"column":49}}},"fnMap":{"0":{"name":"(anonymous_0)","decl":{"start":{"line":9,"column":0},"end":{"line":9,"column":21}},"loc":{"start":{"line":9,"column":0},"end":{"line":9,"column":null}}}},"branchMap":{},"s":{"0":0,"1":0,"2":0,"3":0,"4":0,"5":0},"f":{"0":0},"b":{}}
,"/Users/mtema/Documents/DEVELOPER/PROJECTS/process-flow/process-flow-platform/frontend/src/views/home/Home.component.ts": {"path":"/Users/mtema/Documents/DEVELOPER/PROJECTS/process-flow/process-flow-platform/frontend/src/views/home/Home.component.ts","statementMap":{"0":{"start":{"line":1,"column":0},"end":{"line":1,"column":null}},"1":{"start":{"line":2,"column":0},"end":{"line":2,"column":66}},"2":{"start":{"line":9,"column":0},"end":{"line":9,"column":null}},"3":{"start":{"line":9,"column":21},"end":{"line":9,"column":34}}},"fnMap":{},"branchMap":{},"s":{"0":0,"1":0,"2":0,"3":0},"f":{},"b":{}}
}
